[00:29:57] [main/INFO]: Using mbed TLS based native cipher.
[00:29:57] [main/INFO]: Using zlib based native compressor.
[00:29:57] [main/INFO]: Enabled Waterfall version git:Waterfall-Bootstrap:1.19-R0.1-SNAPSHOT:f6069e2:513
[00:29:57] [main/INFO]: Not on Windows, attempting to use enhanced EpollEventLoop
[00:29:57] [main/INFO]: Epoll is working, utilising it!
[00:29:58] [main/INFO]: Discovered module: ModuleSpec(name=cmd_alert, file=modules/cmd_alert.jar, provider=JenkinsModuleSource())
[00:29:58] [main/INFO]: Discovered module: ModuleSpec(name=cmd_find, file=modules/cmd_find.jar, provider=JenkinsModuleSource())
[00:29:58] [main/INFO]: Discovered module: ModuleSpec(name=cmd_list, file=modules/cmd_list.jar, provider=JenkinsModuleSource())
[00:29:58] [main/INFO]: Discovered module: ModuleSpec(name=cmd_send, file=modules/cmd_send.jar, provider=JenkinsModuleSource())
[00:29:58] [main/INFO]: Discovered module: ModuleSpec(name=cmd_server, file=modules/cmd_server.jar, provider=JenkinsModuleSource())
[00:29:58] [main/INFO]: Discovered module: ModuleSpec(name=reconnect_yaml, file=modules/reconnect_yaml.jar, provider=JenkinsModuleSource())
[00:29:58] [main/INFO]: Loaded plugin reconnect_yaml version git:reconnect_yaml:1.19-R0.1-SNAPSHOT:f6069e2:513 by WaterfallMC
[00:29:58] [main/INFO]: Loaded plugin cmd_find version git:cmd_find:1.19-R0.1-SNAPSHOT:f6069e2:513 by WaterfallMC
[00:29:58] [main/INFO]: Loaded plugin cmd_server version git:cmd_server:1.19-R0.1-SNAPSHOT:f6069e2:513 by WaterfallMC
[00:29:58] [main/INFO]: Loaded plugin cmd_alert version git:cmd_alert:1.19-R0.1-SNAPSHOT:f6069e2:513 by WaterfallMC
[00:29:58] [main/INFO]: Loaded plugin cmd_send version git:cmd_send:1.19-R0.1-SNAPSHOT:f6069e2:513 by WaterfallMC
[00:29:58] [main/INFO]: Loaded plugin cmd_list version git:cmd_list:1.19-R0.1-SNAPSHOT:f6069e2:513 by WaterfallMC
[00:29:58] [main/WARN]: :>:>:>:>:>:>:>:>:>:>:>:>:>:>:>:>:>:>:>:>:>:>:>
[00:29:58] [main/WARN]: :>  
[00:29:58] [main/WARN]: :>      EAGLERCRAFTXBUNGEE WARNING:
[00:29:58] [main/WARN]: :>  
[00:29:58] [main/WARN]: :>  This plugin wasn't tested to be 'working'
[00:29:58] [main/WARN]: :>  with ANY version of BungeeCord (and forks)
[00:29:58] [main/WARN]: :>  apart from the versions listed below:
[00:29:58] [main/WARN]: :>  
[00:29:58] [main/WARN]: :>  - BungeeCord: 1.20-R0.2-SNAPSHOT:231024b:1777
[00:29:58] [main/WARN]: :>  - Waterfall: 1.20-R0.2-SNAPSHOT:d85fe36:556
[00:29:58] [main/WARN]: :>  - FlameCord: 1.1.1
[00:29:58] [main/WARN]: :>  
[00:29:58] [main/WARN]: :>  This is not a Bukkit/Spigot plugin!
[00:29:58] [main/WARN]: :>  
[00:29:58] [main/WARN]: :>  Use "-Deaglerxbungee.stfu=true" to hide
[00:29:58] [main/WARN]: :>  
[00:29:58] [main/WARN]: :>:>:>:>:>:>:>:>:>:>:>:>:>:>:>:>:>:>:>:>:>:>:>
[00:29:58] [main/INFO] [EaglercraftXBungee]: Loading vanilla profile: lax1dude
[00:29:58] [Skin Download Thread #1/INFO] [EaglercraftXBungee]: Loaded vanilla profile: lax1dude
[00:29:58] [main/INFO]: Loaded plugin EaglercraftXBungee version 1.0.9 by lax1dude
[00:29:58] [main/WARN]: Forced host server pvp is not defined
[00:29:58] [main/INFO]: Enabled plugin reconnect_yaml version git:reconnect_yaml:1.19-R0.1-SNAPSHOT:f6069e2:513 by WaterfallMC
[00:29:58] [main/INFO]: Enabled plugin cmd_find version git:cmd_find:1.19-R0.1-SNAPSHOT:f6069e2:513 by WaterfallMC
[00:29:58] [main/INFO]: Enabled plugin cmd_server version git:cmd_server:1.19-R0.1-SNAPSHOT:f6069e2:513 by WaterfallMC
[00:29:58] [main/INFO]: Enabled plugin cmd_alert version git:cmd_alert:1.19-R0.1-SNAPSHOT:f6069e2:513 by WaterfallMC
[00:29:58] [main/INFO]: Enabled plugin cmd_send version git:cmd_send:1.19-R0.1-SNAPSHOT:f6069e2:513 by WaterfallMC
[00:29:58] [main/INFO]: Enabled plugin cmd_list version git:cmd_list:1.19-R0.1-SNAPSHOT:f6069e2:513 by WaterfallMC
[00:29:58] [main/ERROR] [EaglercraftXBungee]: Online mode is set to false! Authentication system has been disabled
[00:29:58] [Netty Worker IO Thread #0/INFO] [EaglercraftXBungee]: Eaglercraft is listening on: /0.0.0.0:8081
[00:29:59] [main/INFO] [EaglercraftXBungee]: Connected to database: jdbc:sqlite:eaglercraft_skins_cache.db
[00:29:59] [main/INFO]: Enabled plugin EaglercraftXBungee version 1.0.9 by lax1dude
[00:29:59] [Netty Boss IO Thread #0/INFO]: Listening on /127.0.0.1:25577
[00:30:04] [Netty Worker IO Thread #1/WARN] [EaglercraftXBungee]: Server icon is not a file: /workspaces/school/bungee/server-icon.png
[00:30:05] [Netty Worker IO Thread #2/INFO] [EaglercraftXBungee]: [/[0:0:0:0:0:0:0:1%0]:49354]: Connected via websocket
[00:30:05] [Netty Worker IO Thread #2/INFO] [EaglercraftXBungee]: [/[0:0:0:0:0:0:0:1%0]:49354]: Origin header is null
[00:30:05] [Netty Worker IO Thread #2/INFO] [EaglercraftXBungee]: [/[0:0:0:0:0:0:0:1%0]:49354]: Logged in as 'EXR_castilloluiz'
[00:30:05] [Netty Worker IO Thread #2/INFO]: [/[0:0:0:0:0:0:0:1%0]:49354|EXR_castilloluiz] -> UpstreamBridge has connected
[00:30:06] [Netty Worker IO Thread #2/INFO]: [EXR_castilloluiz|/[0:0:0:0:0:0:0:1%0]:49354] <-> ServerConnector [lobby] has connected
[00:32:23] [Netty Worker IO Thread #2/INFO]: [/[0:0:0:0:0:0:0:1%0]:49354|EXR_castilloluiz] -> UpstreamBridge has disconnected
[00:32:23] [Netty Worker IO Thread #2/INFO]: [EXR_castilloluiz] disconnected with: Proxy lost connection to server.
[00:32:23] [Netty Worker IO Thread #2/INFO]: [/[0:0:0:0:0:0:0:1%0]:49354|EXR_castilloluiz] <-> DownstreamBridge <-> [lobby] has disconnected
[00:47:59] [main/ERROR]: Exception in thread "main" java.io.IOError: java.io.IOException: Input/output error
[00:47:59] [main/ERROR]: 	at org.jline.keymap.BindingReader.readCharacter(BindingReader.java:170)
[00:47:59] [main/ERROR]: 	at org.jline.keymap.BindingReader.readBinding(BindingReader.java:110)
[00:47:59] [main/ERROR]: 	at org.jline.keymap.BindingReader.readBinding(BindingReader.java:61)
[00:47:59] [main/ERROR]: 	at org.jline.reader.impl.LineReaderImpl.doReadBinding(LineReaderImpl.java:923)
[00:47:59] [main/ERROR]: 	at org.jline.reader.impl.LineReaderImpl.readBinding(LineReaderImpl.java:956)
[00:47:59] [main/ERROR]: 	at org.jline.reader.impl.LineReaderImpl.readLine(LineReaderImpl.java:651)
[00:47:59] [main/ERROR]: 	at org.jline.reader.impl.LineReaderImpl.readLine(LineReaderImpl.java:468)
[00:47:59] [main/ERROR]: 	at net.minecrell.terminalconsole.SimpleTerminalConsole.readCommands(SimpleTerminalConsole.java:158)
[00:47:59] [main/ERROR]: 	at net.minecrell.terminalconsole.SimpleTerminalConsole.start(SimpleTerminalConsole.java:141)
[00:47:59] [main/ERROR]: 	at net.md_5.bungee.BungeeCordLauncher.main(BungeeCordLauncher.java:72)
[00:47:59] [main/ERROR]: 	at net.md_5.bungee.Bootstrap.main(Bootstrap.java:15)
[00:47:59] [main/ERROR]: Caused by: java.io.IOException: Input/output error
[00:47:59] [main/ERROR]: 	at java.base/java.io.FileInputStream.read0(Native Method)
[00:47:59] [main/ERROR]: 	at java.base/java.io.FileInputStream.read(FileInputStream.java:231)
[00:47:59] [main/ERROR]: 	at org.jline.terminal.impl.AbstractPty$PtyInputStream.read(AbstractPty.java:73)
[00:47:59] [main/ERROR]: 	at org.jline.utils.NonBlockingInputStream.read(NonBlockingInputStream.java:62)
[00:47:59] [main/ERROR]: 	at org.jline.utils.NonBlocking$NonBlockingInputStreamReader.read(NonBlocking.java:168)
[00:47:59] [main/ERROR]: 	at org.jline.utils.NonBlockingReader.read(NonBlockingReader.java:57)
[00:47:59] [main/ERROR]: 	at org.jline.keymap.BindingReader.readCharacter(BindingReader.java:160)
[00:47:59] [main/ERROR]: 	... 10 more
